<?xml version="1.0" encoding="UTF-8"?>
<!-- Generated by org.testng.reporters.JUnitReportReporter -->
<testsuite hostname="Gayathri" failures="0" tests="1" name="testRunner.Runner" time="2.117" errors="0" timestamp="26 Jun 2024 01:51:03 GMT" skipped="0">
  <testcase classname="testRunner.Runner" name="runScenario" time="2.117"/>
</testsuite> <!-- testRunner.Runner -->
